<?xml version="1.0" encoding="UTF-8"?>
<!-- Generated by org.testng.reporters.JUnitReportReporter -->
<testsuite hostname="administrators-MacBook-Pro.local" name="com.project.automated.framework.sparqlquery.Testcase053SparqlQueryTest" tests="1" failures="0" timestamp="15 Apr 2013 22:19:25 GMT" time="235.865" errors="0">
  <testcase name="Test" time="235.865" classname="com.project.automated.framework.sparqlquery.Testcase053SparqlQueryTest"/>
</testsuite> <!-- com.project.automated.framework.sparqlquery.Testcase053SparqlQueryTest -->
