<?xml version="1.0" encoding="UTF-8"?>
<!-- Generated by org.testng.reporters.JUnitReportReporter -->
<testsuite hostname="administrators-MacBook-Pro.local" name="com.project.automated.framework.sparqlquery.Testcase007SparqlQueryTest" tests="1" failures="0" timestamp="19 Mar 2013 05:11:32 GMT" time="74.613" errors="0">
  <testcase name="Test" time="74.613" classname="com.project.automated.framework.sparqlquery.Testcase007SparqlQueryTest"/>
</testsuite> <!-- com.project.automated.framework.sparqlquery.Testcase007SparqlQueryTest -->
