<?xml version="1.0" encoding="UTF-8"?>
<!-- Generated by org.testng.reporters.JUnitReportReporter -->
<testsuite hostname="automationserver" name="com.project.automated.framework.builddatabases.Testcase026BuildDatabaseTest" tests="1" failures="0" timestamp="9 Apr 2013 19:13:22 GMT" time="98.421" errors="0">
  <testcase name="Test" time="98.421" classname="com.project.automated.framework.builddatabases.Testcase026BuildDatabaseTest"/>
</testsuite> <!-- com.project.automated.framework.builddatabases.Testcase026BuildDatabaseTest -->
