<?xml version="1.0" encoding="UTF-8"?>
<!-- Generated by org.testng.reporters.JUnitReportReporter -->
<testsuite hostname="automationserver" name="com.project.automated.framework.managedatabases.Testcase002LaunchLoginUrikaTest" tests="1" failures="0" timestamp="26 Feb 2013 19:23:47 GMT" time="38.096" errors="0">
  <testcase name="Test" time="38.096" classname="com.project.automated.framework.managedatabases.Testcase002LaunchLoginUrikaTest"/>
</testsuite> <!-- com.project.automated.framework.managedatabases.Testcase002LaunchLoginUrikaTest -->
