<?xml version="1.0" encoding="UTF-8"?>
<!-- Generated by org.testng.reporters.JUnitReportReporter -->
<testsuite hostname="administrators-MacBook-Pro.local" name="com.project.automated.framework.sparqlquery.Testcase001SparqlQueryTest" tests="1" failures="0" timestamp="15 Apr 2013 20:03:57 GMT" time="234.340" errors="0">
  <testcase name="Test" time="234.340" classname="com.project.automated.framework.sparqlquery.Testcase001SparqlQueryTest"/>
</testsuite> <!-- com.project.automated.framework.sparqlquery.Testcase001SparqlQueryTest -->
