<?xml version="1.0" encoding="UTF-8"?>
<!-- Generated by org.testng.reporters.JUnitReportReporter -->
<testsuite hostname="sea-vpn-192-168-231-53.us.cray.com" name="com.project.automated.framework.sparqlquery.Testcase003SparqlQueryTest" tests="1" failures="0" timestamp="10 Apr 2013 06:34:58 GMT" time="349.518" errors="0">
  <testcase name="Test" time="349.518" classname="com.project.automated.framework.sparqlquery.Testcase003SparqlQueryTest"/>
</testsuite> <!-- com.project.automated.framework.sparqlquery.Testcase003SparqlQueryTest -->
