<?xml version="1.0" encoding="UTF-8"?>
<!-- Generated by org.testng.reporters.JUnitReportReporter -->
<testsuite hostname="administrators-MacBook-Pro.local" name="com.project.automated.framework.builddatabases.Testcase001BuildDatabaseTest" tests="1" failures="0" timestamp="23 Mar 2013 23:27:07 GMT" time="47.612" errors="0">
  <testcase name="Test" time="47.612" classname="com.project.automated.framework.builddatabases.Testcase001BuildDatabaseTest"/>
</testsuite> <!-- com.project.automated.framework.builddatabases.Testcase001BuildDatabaseTest -->
