<?xml version="1.0" encoding="UTF-8"?>
<!-- Generated by org.testng.reporters.JUnitReportReporter -->
<testsuite hostname="administrators-MacBook-Pro.local" name="com.project.automated.framework.sparqlquery.Testcase001SparqlQueryTest" tests="1" failures="0" timestamp="25 Mar 2013 20:01:07 GMT" time="62.972" errors="0">
  <testcase name="Test" time="62.972" classname="com.project.automated.framework.sparqlquery.Testcase001SparqlQueryTest"/>
</testsuite> <!-- com.project.automated.framework.sparqlquery.Testcase001SparqlQueryTest -->
