<?xml version="1.0" encoding="UTF-8"?>
<!-- Generated by org.testng.reporters.JUnitReportReporter -->
<testsuite hostname="automationserver" name="com.yarcdata.tests.automated.selecttabs.TestcaseSelectTabDashboardTest" tests="1" failures="0" timestamp="19 Oct 2012 20:36:02 GMT" time="45.637" errors="0">
  <testcase name="Test" time="45.637" classname="com.yarcdata.tests.automated.selecttabs.TestcaseSelectTabDashboardTest"/>
</testsuite> <!-- com.yarcdata.tests.automated.selecttabs.TestcaseSelectTabDashboardTest -->
