<?xml version="1.0" encoding="UTF-8"?>
<!-- Generated by org.testng.reporters.JUnitReportReporter -->
<testsuite hostname="automationserver" name="com.yarcdata.tests.automated.managedata.TestcaseAddLocalDataFileTest" tests="1" failures="0" timestamp="22 Oct 2012 17:43:51 GMT" time="99.460" errors="0">
  <testcase name="Test" time="99.460" classname="com.yarcdata.tests.automated.managedata.TestcaseAddLocalDataFileTest"/>
</testsuite> <!-- com.yarcdata.tests.automated.managedata.TestcaseAddLocalDataFileTest -->
