<?xml version="1.0" encoding="UTF-8"?>
<!-- Generated by org.testng.reporters.JUnitReportReporter -->
<testsuite hostname="automationserver" name="com.yarcdata.tests.automated.report.TestcaseSendReportTest" tests="1" failures="0" timestamp="29 Oct 2012 22:27:52 GMT" time="0.000" errors="0">
  <testcase name="Test" time="0.000" classname="com.yarcdata.tests.automated.report.TestcaseSendReportTest"/>
</testsuite> <!-- com.yarcdata.tests.automated.report.TestcaseSendReportTest -->
