<?xml version="1.0" encoding="UTF-8"?>
<!-- Generated by org.testng.reporters.JUnitReportReporter -->
<testsuite hostname="automationserver" name="com.yarcdata.tests.automated.general.TestcaseCaptureScreenshotTest" tests="1" failures="0" timestamp="16 Oct 2012 22:37:56 GMT" time="0.281" errors="0">
  <testcase name="Test" time="0.281" classname="com.yarcdata.tests.automated.general.TestcaseCaptureScreenshotTest"/>
</testsuite> <!-- com.yarcdata.tests.automated.general.TestcaseCaptureScreenshotTest -->
