<?xml version="1.0" encoding="UTF-8"?>
<!-- Generated by org.testng.reporters.JUnitReportReporter -->
<testsuite hostname="automationserver" name="com.yarcdata.tests.automated.managedata.TestcaseSearchDataFileTest" tests="1" failures="0" timestamp="19 Oct 2012 17:57:42 GMT" time="64.804" errors="0">
  <testcase name="Test" time="64.804" classname="com.yarcdata.tests.automated.managedata.TestcaseSearchDataFileTest"/>
</testsuite> <!-- com.yarcdata.tests.automated.managedata.TestcaseSearchDataFileTest -->
