<?xml version="1.0" encoding="UTF-8"?>
<!-- Generated by org.testng.reporters.JUnitReportReporter -->
<testsuite hostname="administrators-MacBook-Pro.local" name="com.yarcdata.tests.automated.database.Testcase0001BrowserLaunchQuitTest" tests="1" failures="0" timestamp="11 Feb 2013 05:05:44 GMT" time="27.288" errors="0">
  <testcase name="Test" time="27.288" classname="com.yarcdata.tests.automated.database.Testcase0001BrowserLaunchQuitTest"/>
</testsuite> <!-- com.yarcdata.tests.automated.database.Testcase0001BrowserLaunchQuitTest -->
