<?xml version="1.0" encoding="UTF-8"?>
<!-- Generated by org.testng.reporters.JUnitReportReporter -->
<testsuite hostname="administrators-MacBook-Pro.local" name="com.yarcdata.tests.automated.general.TestcaseGetEnvDetailsTest" tests="1" failures="0" timestamp="11 Feb 2013 04:52:04 GMT" time="7.014" errors="0">
  <testcase name="Test" time="7.014" classname="com.yarcdata.tests.automated.general.TestcaseGetEnvDetailsTest"/>
</testsuite> <!-- com.yarcdata.tests.automated.general.TestcaseGetEnvDetailsTest -->
