<?xml version="1.0" encoding="UTF-8"?>
<!-- Generated by org.testng.reporters.JUnitReportReporter -->
<testsuite hostname="automationserver" name="com.yarcdata.tests.automated.general.TestcaseRemoveScreenshotsTest" tests="1" failures="0" timestamp="19 Oct 2012 19:34:12 GMT" time="0.016" errors="0">
  <testcase name="Test" time="0.016" classname="com.yarcdata.tests.automated.general.TestcaseRemoveScreenshotsTest"/>
</testsuite> <!-- com.yarcdata.tests.automated.general.TestcaseRemoveScreenshotsTest -->
