<?xml version="1.0" encoding="UTF-8"?>
<!-- Generated by org.testng.reporters.JUnitReportReporter -->
<testsuite hostname="automationserver" name="com.yarcdata.tests.automated.report.TestcaseSendReportTest$TestcaseDeleteDataFileTest" tests="1" failures="0" timestamp="16 Oct 2012 22:17:27 GMT" time="2.578" errors="0">
  <testcase name="Test" time="2.578" classname="com.yarcdata.tests.automated.report.TestcaseSendReportTest$TestcaseDeleteDataFileTest"/>
</testsuite> <!-- com.yarcdata.tests.automated.report.TestcaseSendReportTest$TestcaseDeleteDataFileTest -->
