<?xml version="1.0" encoding="UTF-8"?>
<!-- Generated by org.testng.reporters.JUnitReportReporter -->
<testsuite hostname="automationserver" name="com.yarcdata.tests.automated.managedata.TestcaseDeleteDataFileTest" tests="1" failures="0" timestamp="19 Oct 2012 18:48:03 GMT" time="69.538" errors="0">
  <testcase name="Test" time="69.538" classname="com.yarcdata.tests.automated.managedata.TestcaseDeleteDataFileTest"/>
</testsuite> <!-- com.yarcdata.tests.automated.managedata.TestcaseDeleteDataFileTest -->
