<?xml version="1.0" encoding="UTF-8"?>
<!-- Generated by org.testng.reporters.JUnitReportReporter -->
<testsuite hostname="automationserver" name="com.project.automated.framework.managedatabases.Testcase001BrowserLaunchQuitTest" tests="1" failures="0" timestamp="26 Feb 2013 19:19:08 GMT" time="22.318" errors="0">
  <testcase name="Test" time="22.318" classname="com.project.automated.framework.managedatabases.Testcase001BrowserLaunchQuitTest"/>
</testsuite> <!-- com.project.automated.framework.managedatabases.Testcase001BrowserLaunchQuitTest -->
