<?xml version="1.0" encoding="UTF-8"?>
<!-- Generated by org.testng.reporters.JUnitReportReporter -->
<testsuite hostname="administrators-MacBook-Pro.local" name="com.project.automated.framework.sparqlquery.Testcase002SparqlQueryTest" tests="1" failures="0" timestamp="1 Apr 2013 19:11:46 GMT" time="19.919" errors="0">
  <testcase name="BeforeTest" time="19.919" classname="com.project.automated.framework.sparqlquery.Testcase002SparqlQueryTest"/>
</testsuite> <!-- com.project.automated.framework.sparqlquery.Testcase002SparqlQueryTest -->
