<?xml version="1.0" encoding="UTF-8"?>
<!-- Generated by org.testng.reporters.JUnitReportReporter -->
<testsuite hostname="administrators-MacBook-Pro.local" name="com.project.automated.framework.sparqlquery.Testcase006SparqlQueryTest" tests="1" failures="0" timestamp="7 Mar 2013 00:57:01 GMT" time="83.306" errors="0">
  <testcase name="Test" time="83.306" classname="com.project.automated.framework.sparqlquery.Testcase006SparqlQueryTest"/>
</testsuite> <!-- com.project.automated.framework.sparqlquery.Testcase006SparqlQueryTest -->
