<?xml version="1.0" encoding="UTF-8"?>
<!-- Generated by org.testng.reporters.JUnitReportReporter -->
<testsuite hostname="administrators-MacBook-Pro.local" name="com.project.automated.framework.sparqlquery.Testcase010SparqlQueryTest" tests="1" failures="0" timestamp="19 Mar 2013 05:16:21 GMT" time="74.001" errors="0">
  <testcase name="Test" time="74.001" classname="com.project.automated.framework.sparqlquery.Testcase010SparqlQueryTest"/>
</testsuite> <!-- com.project.automated.framework.sparqlquery.Testcase010SparqlQueryTest -->
