<?xml version="1.0" encoding="UTF-8"?>
<!-- Generated by org.testng.reporters.JUnitReportReporter -->
<testsuite hostname="automationserver" name="com.yarcdata.tests.automated.general.TestcaseRemoveScreenshotsTest" tests="1" failures="0" timestamp="5 Nov 2012 18:22:14 GMT" time="0.003" errors="0">
  <testcase name="Test" time="0.003" classname="com.yarcdata.tests.automated.general.TestcaseRemoveScreenshotsTest"/>
</testsuite>
