<?xml version="1.0" encoding="UTF-8"?>
<!-- Generated by org.testng.reporters.JUnitReportReporter -->
<testsuite hostname="automationserver" name="com.yarcdata.tests.automated.managedata.TestcaseAddLocalDataFileTest" tests="1" failures="0" timestamp="5 Nov 2012 18:22:14 GMT" time="97.546" errors="0">
  <testcase name="Test" time="97.546" classname="com.yarcdata.tests.automated.managedata.TestcaseAddLocalDataFileTest"/>
</testsuite>
