<?xml version="1.0" encoding="UTF-8"?>
<!-- Generated by org.testng.reporters.JUnitReportReporter -->
<testsuite hostname="automationserver" name="com.yarcdata.tests.automated.managedata.TestcaseDeleteDataFileTest" tests="1" failures="0" timestamp="5 Nov 2012 18:22:14 GMT" time="72.536" errors="0">
  <testcase name="Test" time="72.536" classname="com.yarcdata.tests.automated.managedata.TestcaseDeleteDataFileTest"/>
</testsuite>
