<?xml version="1.0" encoding="UTF-8"?>
<!-- Generated by org.testng.reporters.JUnitReportReporter -->
<testsuite hostname="automationserver" name="com.project.automated.framework.sparqlquery.Testcase011SparqlQueryTest" tests="1" failures="0" timestamp="3 Apr 2013 23:40:17 GMT" time="147.120" errors="0">
  <testcase name="Test" time="147.120" classname="com.project.automated.framework.sparqlquery.Testcase011SparqlQueryTest"/>
</testsuite> <!-- com.project.automated.framework.sparqlquery.Testcase011SparqlQueryTest -->
