<?xml version="1.0" encoding="UTF-8"?>
<!-- Generated by org.testng.reporters.JUnitReportReporter -->
<testsuite hostname="automationserver" name="com.project.automated.framework.sparqlquery.Testcase003SparqlQueryTest" tests="1" failures="0" timestamp="4 Apr 2013 17:26:26 GMT" time="132.842" errors="0">
  <testcase name="Test" time="132.842" classname="com.project.automated.framework.sparqlquery.Testcase003SparqlQueryTest"/>
</testsuite> <!-- com.project.automated.framework.sparqlquery.Testcase003SparqlQueryTest -->
