<?xml version="1.0" encoding="UTF-8"?>
<!-- Generated by org.testng.reporters.JUnitReportReporter -->
<testsuite hostname="administrators-MacBook-Pro.local" name="com.project.automated.framework.sparqlquery.Testcase000SparqlQueryTest" tests="1" failures="0" timestamp="8 Apr 2013 19:30:49 GMT" time="250.569" errors="0">
  <testcase name="Test" time="250.569" classname="com.project.automated.framework.sparqlquery.Testcase000SparqlQueryTest"/>
</testsuite> <!-- com.project.automated.framework.sparqlquery.Testcase000SparqlQueryTest -->
