<?xml version="1.0" encoding="UTF-8"?>
<!-- Generated by org.testng.reporters.JUnitReportReporter -->
<testsuite hostname="administrators-MacBook-Pro.local" name="com.project.automated.framework.sparqlquery.Testcase009SparqlQueryTest" tests="1" failures="0" timestamp="19 Mar 2013 05:14:59 GMT" time="74.093" errors="0">
  <testcase name="Test" time="74.093" classname="com.project.automated.framework.sparqlquery.Testcase009SparqlQueryTest"/>
</testsuite> <!-- com.project.automated.framework.sparqlquery.Testcase009SparqlQueryTest -->
