<?xml version="1.0" encoding="UTF-8"?>
<!-- Generated by org.testng.reporters.JUnitReportReporter -->
<testsuite hostname="administrators-MacBook-Pro.local" name="com.project.automated.framework.sparqlquery.Testcase002SparqlQueryTest" tests="1" failures="0" timestamp="8 Apr 2013 18:42:21 GMT" time="136.011" errors="0">
  <testcase name="Test" time="136.011" classname="com.project.automated.framework.sparqlquery.Testcase002SparqlQueryTest"/>
</testsuite> <!-- com.project.automated.framework.sparqlquery.Testcase002SparqlQueryTest -->
