<?xml version="1.0" encoding="UTF-8"?>
<!-- Generated by org.testng.reporters.JUnitReportReporter -->
<testsuite hostname="automationserver" name="com.project.automated.framework.sparqlquery.Testcase017SparqlQueryTest" tests="1" failures="0" timestamp="26 Mar 2013 00:35:45 GMT" time="56.217" errors="0">
  <testcase name="Test" time="56.217" classname="com.project.automated.framework.sparqlquery.Testcase017SparqlQueryTest"/>
</testsuite> <!-- com.project.automated.framework.sparqlquery.Testcase017SparqlQueryTest -->
