<?xml version="1.0" encoding="UTF-8" ?>
<testsuite failures="0" time="401.795" errors="0" skipped="0" tests="11" name="TestSuite">
  <properties>
    <property name="java.runtime.name" value="Java(TM) SE Runtime Environment"/>
    <property name="sun.boot.library.path" value="C:\automation\software\java\jre\bin"/>
    <property name="java.vm.version" value="23.1-b03"/>
    <property name="java.vm.vendor" value="Oracle Corporation"/>
    <property name="java.vendor.url" value="http://java.oracle.com/"/>
    <property name="path.separator" value=";"/>
    <property name="guice.disable.misplaced.annotation.check" value="true"/>
    <property name="java.vm.name" value="Java HotSpot(TM) 64-Bit Server VM"/>
    <property name="file.encoding.pkg" value="sun.io"/>
    <property name="user.script" value=""/>
    <property name="user.country" value="US"/>
    <property name="sun.java.launcher" value="SUN_STANDARD"/>
    <property name="sun.os.patch.level" value="Service Pack 1"/>
    <property name="java.vm.specification.name" value="Java Virtual Machine Specification"/>
    <property name="user.dir" value="C:\automation\workspaces\urikaTest\urika-gem-automation"/>
    <property name="java.runtime.version" value="1.7.0_05-b06"/>
    <property name="java.awt.graphicsenv" value="sun.awt.Win32GraphicsEnvironment"/>
    <property name="java.endorsed.dirs" value="C:\automation\software\java\jre\lib\endorsed"/>
    <property name="os.arch" value="amd64"/>
    <property name="java.io.tmpdir" value="C:\Users\shyder\AppData\Local\Temp\"/>
    <property name="line.separator" value="
"/>
    <property name="java.vm.specification.vendor" value="Oracle Corporation"/>
    <property name="user.variant" value=""/>
    <property name="os.name" value="Windows 7"/>
    <property name="classworlds.conf" value="C:\automation\software\springtoolsuite\apache-maven-3.0.4\bin\m2.conf"/>
    <property name="sun.jnu.encoding" value="Cp1252"/>
    <property name="java.library.path" value="C:\automation\software\java\bin;C:\Windows\Sun\Java\bin;C:\Windows\system32;C:\Windows;C:\Windows\system32;C:\Windows;C:\Windows\System32\Wbem;C:\Windows\System32\WindowsPowerShell\v1.0\;C:\Program Files (x86)\Windows Imaging\;C:\automation\software\java\jdk1.7.0_05\jre\bin;C:\automation\software\driver_chrome\chromedriver.exe;C:\automation\software\springtoolsuite\apache-maven-3.0.4\bin;C:\automation\software\svn\bin;."/>
    <property name="java.specification.name" value="Java Platform API Specification"/>
    <property name="java.class.version" value="51.0"/>
    <property name="sun.management.compiler" value="HotSpot 64-Bit Tiered Compilers"/>
    <property name="os.version" value="6.1"/>
    <property name="user.home" value="C:\Users\shyder"/>
    <property name="user.timezone" value="America/Los_Angeles"/>
    <property name="java.awt.printerjob" value="sun.awt.windows.WPrinterJob"/>
    <property name="java.specification.version" value="1.7"/>
    <property name="file.encoding" value="Cp1252"/>
    <property name="user.name" value="shyder"/>
    <property name="java.class.path" value="C:\automation\software\springtoolsuite\apache-maven-3.0.4\boot\plexus-classworlds-2.4.jar"/>
    <property name="java.vm.specification.version" value="1.7"/>
    <property name="sun.arch.data.model" value="64"/>
    <property name="java.home" value="C:\automation\software\java\jre"/>
    <property name="sun.java.command" value="org.codehaus.plexus.classworlds.launcher.Launcher clean test"/>
    <property name="java.specification.vendor" value="Oracle Corporation"/>
    <property name="user.language" value="en"/>
    <property name="awt.toolkit" value="sun.awt.windows.WToolkit"/>
    <property name="java.vm.info" value="mixed mode"/>
    <property name="java.version" value="1.7.0_05"/>
    <property name="java.ext.dirs" value="C:\automation\software\java\jre\lib\ext;C:\Windows\Sun\Java\lib\ext"/>
    <property name="sun.boot.class.path" value="C:\automation\software\java\jre\lib\resources.jar;C:\automation\software\java\jre\lib\rt.jar;C:\automation\software\java\jre\lib\sunrsasign.jar;C:\automation\software\java\jre\lib\jsse.jar;C:\automation\software\java\jre\lib\jce.jar;C:\automation\software\java\jre\lib\charsets.jar;C:\automation\software\java\jre\lib\jfr.jar;C:\automation\software\java\jre\classes"/>
    <property name="java.vendor" value="Oracle Corporation"/>
    <property name="maven.home" value="C:\automation\software\springtoolsuite\apache-maven-3.0.4"/>
    <property name="file.separator" value="\"/>
    <property name="java.vendor.url.bug" value="http://bugreport.sun.com/bugreport/"/>
    <property name="sun.cpu.endian" value="little"/>
    <property name="sun.io.unicode.encoding" value="UnicodeLittle"/>
    <property name="sun.desktop" value="windows"/>
    <property name="sun.cpu.isalist" value="amd64"/>
  </properties>
  <testcase time="7.176" classname="com.yarcdata.tests.automated.general.TestcaseGetEnvDetailsTest" name="Test"/>
  <testcase time="0.005" classname="com.yarcdata.tests.automated.general.TestcaseRemoveScreenshotsTest" name="Test"/>
  <testcase time="0.268" classname="com.yarcdata.tests.automated.general.TestcaseCaptureScreenshotTest" name="Test"/>
  <testcase time="25.348" classname="com.yarcdata.tests.automated.launchloginquit.TestcaseBrowserLaunchQuitTest" name="Test"/>
  <testcase time="37.816" classname="com.yarcdata.tests.automated.launchloginquit.TestcaseLaunchLoginUrikaTest" name="Test"/>
  <testcase time="48.049" classname="com.yarcdata.tests.automated.selecttabs.TestcaseSelectTabDashboardTest" name="Test"/>
  <testcase time="45.921" classname="com.yarcdata.tests.automated.selecttabs.TestcaseSelectTabManageDataTest" name="Test"/>
  <testcase time="67.13" classname="com.yarcdata.tests.automated.managedata.TestcaseSearchDataFileTest" name="Test"/>
  <testcase time="97.546" classname="com.yarcdata.tests.automated.managedata.TestcaseAddLocalDataFileTest" name="Test"/>
  <testcase time="72.536" classname="com.yarcdata.tests.automated.managedata.TestcaseDeleteDataFileTest" name="Test"/>
  <testcase time="0" classname="com.yarcdata.tests.automated.report.TestcaseSendReportTest" name="Test"/>
</testsuite>