<?xml version="1.0" encoding="UTF-8"?>
<!-- Generated by org.testng.reporters.JUnitReportReporter -->
<testsuite hostname="administrators-MacBook-Pro.local" name="com.project.automated.framework.queryhistory.Testcase001QueryHistoryTest" tests="1" failures="0" timestamp="19 Mar 2013 20:20:59 GMT" time="66.008" errors="0">
  <testcase name="Test" time="66.008" classname="com.project.automated.framework.queryhistory.Testcase001QueryHistoryTest"/>
</testsuite> <!-- com.project.automated.framework.queryhistory.Testcase001QueryHistoryTest -->
