<?xml version="1.0" encoding="UTF-8"?>
<!-- Generated by org.testng.reporters.JUnitReportReporter -->
<testsuite hostname="administrators-MacBook-Pro.local" name="com.project.automated.framework.builddatabases.Testcase004BuildDatabaseTest" tests="1" failures="0" timestamp="18 Apr 2013 19:19:05 GMT" time="66.763" errors="0">
  <testcase name="Test" time="66.763" classname="com.project.automated.framework.builddatabases.Testcase004BuildDatabaseTest"/>
</testsuite> <!-- com.project.automated.framework.builddatabases.Testcase004BuildDatabaseTest -->
