<?xml version="1.0" encoding="UTF-8"?>
<!-- Generated by org.testng.reporters.JUnitReportReporter -->
<testsuite hostname="administrators-MacBook-Pro.local" name="com.project.automated.framework.sparqlquery.Testcase000SparqlQueryTest" tests="1" failures="0" timestamp="20 Apr 2013 17:08:19 GMT" time="0.164" errors="0">
  <testcase name="Test" time="0.164" classname="com.project.automated.framework.sparqlquery.Testcase000SparqlQueryTest"/>
</testsuite> <!-- com.project.automated.framework.sparqlquery.Testcase000SparqlQueryTest -->
