<?xml version="1.0" encoding="UTF-8"?>
<!-- Generated by org.testng.reporters.JUnitReportReporter -->
<testsuite hostname="administrators-MacBook-Pro.local" name="com.project.automated.framework.sparqlquery.Testcase000SparqlQueryTest" tests="1" failures="0" timestamp="23 Apr 2013 22:05:56 GMT" time="0.194" errors="0">
  <testcase name="Test" time="0.194" classname="com.project.automated.framework.sparqlquery.Testcase000SparqlQueryTest"/>
</testsuite> <!-- com.project.automated.framework.sparqlquery.Testcase000SparqlQueryTest -->
