<?xml version="1.0" encoding="UTF-8"?>
<!-- Generated by org.testng.reporters.JUnitReportReporter -->
<testsuite hostname="administrators-MacBook-Pro.local" name="com.project.automated.framework.sparqlquery.Testcase001SparqlQueryTest" tests="1" failures="0" timestamp="23 Apr 2013 22:42:28 GMT" time="170.402" errors="0">
  <testcase name="Test" time="170.402" classname="com.project.automated.framework.sparqlquery.Testcase001SparqlQueryTest"/>
</testsuite> <!-- com.project.automated.framework.sparqlquery.Testcase001SparqlQueryTest -->
