<?xml version="1.0" encoding="UTF-8"?>
<!-- Generated by org.testng.reporters.JUnitReportReporter -->
<testsuite hostname="administrators-MacBook-Pro.local" name="com.project.automated.framework.builddatabases.Testcase003BuildDatabaseTest" tests="1" failures="0" timestamp="18 Apr 2013 19:19:05 GMT" time="67.092" errors="0">
  <testcase name="Test" time="67.092" classname="com.project.automated.framework.builddatabases.Testcase003BuildDatabaseTest"/>
</testsuite> <!-- com.project.automated.framework.builddatabases.Testcase003BuildDatabaseTest -->
