<?xml version="1.0" encoding="UTF-8"?>
<!-- Generated by org.testng.reporters.JUnitReportReporter -->
<testsuite hostname="administrators-MacBook-Pro.local" name="com.project.automated.framework.sparqlquery.Testcase017SparqlQueryTest" tests="1" failures="0" timestamp="26 Mar 2013 04:24:40 GMT" time="108.900" errors="0">
  <testcase name="Test" time="108.900" classname="com.project.automated.framework.sparqlquery.Testcase017SparqlQueryTest"/>
</testsuite> <!-- com.project.automated.framework.sparqlquery.Testcase017SparqlQueryTest -->
