<?xml version="1.0" encoding="UTF-8"?>
<!-- Generated by org.testng.reporters.JUnitReportReporter -->
<testsuite hostname="administrators-MacBook-Pro.local" name="com.project.automated.framework.sparqlquery.Testcase011SparqlQueryTest" tests="1" failures="0" timestamp="19 Mar 2013 05:18:15 GMT" time="75.976" errors="0">
  <testcase name="Test" time="75.976" classname="com.project.automated.framework.sparqlquery.Testcase011SparqlQueryTest"/>
</testsuite> <!-- com.project.automated.framework.sparqlquery.Testcase011SparqlQueryTest -->
