<?xml version="1.0" encoding="UTF-8"?>
<!-- Generated by org.testng.reporters.JUnitReportReporter -->
<testsuite hostname="administrators-MacBook-Pro.local" name="com.project.automated.framework.sparqlquery.Testcase013SparqlQueryTest" tests="1" failures="0" timestamp="7 Mar 2013 00:26:09 GMT" time="117.076" errors="0">
  <testcase name="Test" time="117.076" classname="com.project.automated.framework.sparqlquery.Testcase013SparqlQueryTest"/>
</testsuite> <!-- com.project.automated.framework.sparqlquery.Testcase013SparqlQueryTest -->
