<?xml version="1.0" encoding="UTF-8"?>
<!-- Generated by org.testng.reporters.JUnitReportReporter -->
<testsuite hostname="administrators-MacBook-Pro.local" name="com.project.automated.framework.sparqlquery.Testcase008SparqlQueryTest" tests="1" failures="0" timestamp="19 Mar 2013 05:12:56 GMT" time="73.659" errors="0">
  <testcase name="Test" time="73.659" classname="com.project.automated.framework.sparqlquery.Testcase008SparqlQueryTest"/>
</testsuite> <!-- com.project.automated.framework.sparqlquery.Testcase008SparqlQueryTest -->
